2023-09-18 16:14:11,835 [INFO] Activator:176 - 


2023-09-18 16:14:11,836 [INFO] Activator:177 - !SESSION log4j initialized
2023-09-18 16:14:14,757 [INFO] LogOutputStream:77 - [STDOUT_REDIRECT] 
2023-09-18 16:14:27,785 [INFO] ApplicationProperties:184 - Using Application install path: C:\ST\STM32CubeIDE_1.13.1\STM32CubeIDE\plugins\com.st.stm32cube.common.mx_6.9.1.202307191849
2023-09-18 16:14:27,801 [INFO] DbMcusXml:78 - Set database path to: C:\ST\STM32CubeIDE_1.13.1\STM32CubeIDE\plugins\com.st.stm32cube.common.mx_6.9.1.202307191849\\db\/mcu/
2023-09-18 16:14:27,801 [INFO] ApiDb:274 - Set plugin database path to: C:\ST\STM32CubeIDE_1.13.1\STM32CubeIDE\plugins\com.st.stm32cube.common.mx_6.9.1.202307191849\\db\/plugins/boardmanager/
2023-09-18 16:14:27,802 [WARN] ApiDb:259 - Overriding images path with different value:  => C:\ST\STM32CubeIDE_1.13.1\STM32CubeIDE\plugins\com.st.stm32cube.common.mx_6.9.1.202307191849\\db\/plugins/mcufinder/images/
2023-09-18 16:14:27,814 [INFO] ApiDb:250 - Set database path to: C:\Users\vsaw3\.stmcufinder\plugins\mcufinder//mcu/
2023-09-18 16:14:27,815 [INFO] DbMcusAds:125 - Set database path to: C:\Users\vsaw3\.stmcufinder\plugins\mcufinder//mcu/
2023-09-18 16:14:27,817 [INFO] CrossReferenceDbSqlite:203 - Set database path to: C:\Users\vsaw3\.stmcufinder\plugins\mcufinder//mcu/cs/
2023-09-18 16:14:27,913 [INFO] RulesReader:64 - Compatibility file has been processed (293 Rules)
2023-09-18 16:14:28,068 [INFO] DbMcusXml:78 - Set database path to: C:\ST\STM32CubeIDE_1.13.1\STM32CubeIDE\plugins\com.st.stm32cube.common.mx_6.9.1.202307191849\\db\/mcu/
2023-09-18 16:14:28,068 [INFO] ApiDb:274 - Set plugin database path to: C:\ST\STM32CubeIDE_1.13.1\STM32CubeIDE\plugins\com.st.stm32cube.common.mx_6.9.1.202307191849\\db\/plugins/boardmanager/
2023-09-18 16:14:28,069 [INFO] ApiDb:261 - Set plugin images path to: C:\ST\STM32CubeIDE_1.13.1\STM32CubeIDE\plugins\com.st.stm32cube.common.mx_6.9.1.202307191849\\db\/plugins/mcufinder/images/
2023-09-18 16:14:28,069 [WARN] DbFile:41 - Overriding database path with different value: C:\Users\vsaw3\.stmcufinder\plugins\mcufinder/ => C:\Users\vsaw3\.stmcufinder\plugins\mcufinder
2023-09-18 16:14:28,069 [INFO] ApiDb:250 - Set database path to: C:\Users\vsaw3\.stmcufinder\plugins\mcufinder//mcu/
2023-09-18 16:14:28,069 [WARN] DbFile:41 - Overriding database path with different value: C:\Users\vsaw3\.stmcufinder\plugins\mcufinder/ => C:\Users\vsaw3\.stmcufinder\plugins\mcufinder
2023-09-18 16:14:28,069 [INFO] DbMcusAds:125 - Set database path to: C:\Users\vsaw3\.stmcufinder\plugins\mcufinder//mcu/
2023-09-18 16:14:28,069 [WARN] DbFile:41 - Overriding database path with different value: C:\Users\vsaw3\.stmcufinder\plugins\mcufinder/ => C:\Users\vsaw3\.stmcufinder\plugins\mcufinder
2023-09-18 16:14:28,069 [WARN] DbFile:41 - Overriding database path with different value: C:\Users\vsaw3\.stmcufinder\plugins\mcufinder/ => C:\Users\vsaw3\.stmcufinder\plugins\mcufinder
2023-09-18 16:14:28,069 [INFO] CrossReferenceDbSqlite:203 - Set database path to: C:\Users\vsaw3\.stmcufinder\plugins\mcufinder//mcu/cs/
2023-09-18 16:14:28,183 [INFO] MainPanel:262 - HeapMemory: 268435456
2023-09-18 16:14:28,272 [INFO] DbMcusXml:78 - Set database path to: C:\ST\STM32CubeIDE_1.13.1\STM32CubeIDE\plugins\com.st.stm32cube.common.mx_6.9.1.202307191849\\db\/mcu/
2023-09-18 16:14:28,272 [INFO] ApiDb:274 - Set plugin database path to: C:\ST\STM32CubeIDE_1.13.1\STM32CubeIDE\plugins\com.st.stm32cube.common.mx_6.9.1.202307191849\\db\/plugins/boardmanager/
2023-09-18 16:14:28,272 [INFO] ApiDb:261 - Set plugin images path to: C:\ST\STM32CubeIDE_1.13.1\STM32CubeIDE\plugins\com.st.stm32cube.common.mx_6.9.1.202307191849\\db\/plugins/mcufinder/images/
2023-09-18 16:14:28,272 [WARN] DbFile:41 - Overriding database path with different value: C:\Users\vsaw3\.stmcufinder\plugins\mcufinder/ => C:\Users\vsaw3\.stmcufinder\plugins\mcufinder
2023-09-18 16:14:28,273 [INFO] ApiDb:250 - Set database path to: C:\Users\vsaw3\.stmcufinder\plugins\mcufinder//mcu/
2023-09-18 16:14:28,273 [WARN] DbFile:41 - Overriding database path with different value: C:\Users\vsaw3\.stmcufinder\plugins\mcufinder/ => C:\Users\vsaw3\.stmcufinder\plugins\mcufinder
2023-09-18 16:14:28,273 [INFO] DbMcusAds:125 - Set database path to: C:\Users\vsaw3\.stmcufinder\plugins\mcufinder//mcu/
2023-09-18 16:14:28,273 [WARN] DbFile:41 - Overriding database path with different value: C:\Users\vsaw3\.stmcufinder\plugins\mcufinder/ => C:\Users\vsaw3\.stmcufinder\plugins\mcufinder
2023-09-18 16:14:28,273 [WARN] DbFile:41 - Overriding database path with different value: C:\Users\vsaw3\.stmcufinder\plugins\mcufinder/ => C:\Users\vsaw3\.stmcufinder\plugins\mcufinder
2023-09-18 16:14:28,273 [INFO] CrossReferenceDbSqlite:203 - Set database path to: C:\Users\vsaw3\.stmcufinder\plugins\mcufinder//mcu/cs/
2023-09-18 16:14:28,301 [INFO] ApplicationProperties:184 - Using Application install path: C:\ST\STM32CubeIDE_1.13.1\STM32CubeIDE\plugins\com.st.stm32cube.common.mx_6.9.1.202307191849
2023-09-18 16:14:28,303 [INFO] PluginManage:196 - Search for loadable plugins [exclusion list=, ]
2023-09-18 16:14:28,304 [INFO] PluginManage:310 - Check plugin analytics
2023-09-18 16:14:28,460 [INFO] AnalyticsPlugin:253 - Accepted Software Licenses: STM32CubeMX.6.9.1,STM32CubeMX.5.6.1
2023-09-18 16:14:28,460 [INFO] AnalyticsPlugin:255 - Accepted CMSIS Pack Licenses: 
2023-09-18 16:14:28,461 [INFO] AnalyticsPlugin:257 - Accepted Firmware Licenses: 
2023-09-18 16:14:28,465 [INFO] PluginManage:359 - Loaded plugin analytics (category:tool,tabindex:-1)
2023-09-18 16:14:28,466 [INFO] PluginManage:310 - Check plugin cadmodel
2023-09-18 16:14:28,473 [INFO] CADModel:105 - Init CAD model plugin
2023-09-18 16:14:28,474 [INFO] PluginManage:359 - Loaded plugin cadmodel (category:power,tabindex:5)
2023-09-18 16:14:28,474 [INFO] PluginManage:310 - Check plugin clock
2023-09-18 16:14:28,484 [INFO] PluginManage:359 - Loaded plugin clock (category:base,tabindex:2)
2023-09-18 16:14:28,484 [INFO] PluginManage:310 - Check plugin ddr
2023-09-18 16:14:28,487 [INFO] PluginManage:359 - Loaded plugin ddr (category:tool,tabindex:6)
2023-09-18 16:14:28,487 [INFO] PluginManage:310 - Check plugin filemanager
2023-09-18 16:14:28,615 [INFO] PluginManage:359 - Loaded plugin filemanager (category:base,tabindex:10)
2023-09-18 16:14:28,615 [INFO] PluginManage:310 - Check plugin ipmanager
2023-09-18 16:14:28,631 [INFO] PluginManage:359 - Loaded plugin ipmanager (category:base,tabindex:5)
2023-09-18 16:14:28,631 [INFO] PluginManage:310 - Check plugin lpbam
2023-09-18 16:14:28,638 [INFO] PluginManage:359 - Loaded plugin lpbam (category:base,tabindex:0)
2023-09-18 16:14:28,638 [INFO] PluginManage:310 - Check plugin memorymap
2023-09-18 16:14:28,651 [INFO] PluginManage:359 - Loaded plugin memorymap (category:base,tabindex:4)
2023-09-18 16:14:28,651 [INFO] PluginManage:310 - Check plugin pinoutandconfiguration
2023-09-18 16:14:28,657 [INFO] PluginManage:359 - Loaded plugin pinoutandconfiguration (category:base,tabindex:1)
2023-09-18 16:14:28,657 [INFO] PluginManage:310 - Check plugin pinoutconfig
2023-09-18 16:14:28,750 [WARN] SupportedApi:132 - Cannot load RTOS API schema: s4s-elt-must-match.1: The content of 'definitions' must match (annotation?, (simpleType | complexType)?, (unique | key | keyref)*)). A problem was found starting at: attribute.
2023-09-18 16:14:28,901 [INFO] PluginManage:359 - Loaded plugin pinoutconfig (category:base,tabindex:0)
2023-09-18 16:14:28,901 [INFO] PluginManage:310 - Check plugin power
2023-09-18 16:14:28,910 [INFO] PluginManage:359 - Loaded plugin power (category:power,tabindex:4)
2023-09-18 16:14:28,910 [INFO] PluginManage:310 - Check plugin projectmanager
2023-09-18 16:14:28,923 [INFO] PluginManage:359 - Loaded plugin projectmanager (category:projectmanager,tabindex:3)
2023-09-18 16:14:28,923 [INFO] PluginManage:310 - Check plugin thirdparty
2023-09-18 16:14:29,068 [INFO] PluginManage:359 - Loaded plugin thirdparty (category:base,tabindex:-1)
2023-09-18 16:14:29,068 [WARN] IntegrityCheckThread:84 - waiting for thirdparty lock release [integrity check]
2023-09-18 16:14:29,068 [INFO] PluginManage:310 - Check plugin tools
2023-09-18 16:14:29,069 [INFO] IntegrityCheckThread:86 - entering critical section [integrity check]
2023-09-18 16:14:29,069 [INFO] ThirdPartyUpdaterWithRetryManager:70 - Updater plugin not ready yet. [1/15]
2023-09-18 16:14:29,073 [INFO] PluginManage:359 - Loaded plugin tools (category:base,tabindex:7)
2023-09-18 16:14:29,073 [INFO] PluginManage:310 - Check plugin tutovideos
2023-09-18 16:14:29,266 [INFO] PluginManage:359 - Loaded plugin tutovideos (category:base,tabindex:-1)
2023-09-18 16:14:29,267 [INFO] PluginManage:310 - Check plugin updater
2023-09-18 16:14:29,276 [INFO] PluginManage:359 - Loaded plugin updater (category:base,tabindex:12)
2023-09-18 16:14:29,276 [INFO] PluginManage:310 - Check plugin userauth
2023-09-18 16:14:29,281 [INFO] UserAuth:113 - Init User Auth plugin
2023-09-18 16:14:29,281 [INFO] PluginManage:359 - Loaded plugin userauth (category:base,tabindex:14)
2023-09-18 16:14:29,281 [INFO] PluginManage:283 - PluginManage : Loaded plugins [17]
2023-09-18 16:14:29,617 [INFO] PinOutPanel:1499 - setPackage(No Configuration,No Configuration)
2023-09-18 16:14:29,822 [INFO] CADModel:165 - CPN selected for project level
2023-09-18 16:14:29,823 [INFO] CADModel:114 - Register for checkConnection events
2023-09-18 16:14:29,836 [INFO] IPUIPlugin:80 - create IPUIPlugin
2023-09-18 16:14:29,836 [INFO] PluginManager:220 - loadIPPluginJar : add adc
2023-09-18 16:14:29,838 [INFO] IPUIPlugin:80 - create IPUIPlugin
2023-09-18 16:14:29,839 [INFO] PluginManager:220 - loadIPPluginJar : add aes
2023-09-18 16:14:29,841 [INFO] IPUIPlugin:80 - create IPUIPlugin
2023-09-18 16:14:29,841 [INFO] PluginManager:220 - loadIPPluginJar : add can
2023-09-18 16:14:29,843 [INFO] IPUIPlugin:80 - create IPUIPlugin
2023-09-18 16:14:29,843 [INFO] PluginManager:220 - loadIPPluginJar : add comp
2023-09-18 16:14:29,846 [INFO] IPUIPlugin:80 - create IPUIPlugin
2023-09-18 16:14:29,846 [INFO] PluginManager:220 - loadIPPluginJar : add cryp
2023-09-18 16:14:29,848 [INFO] IPUIPlugin:80 - create IPUIPlugin
2023-09-18 16:14:29,848 [INFO] PluginManager:220 - loadIPPluginJar : add dfsdm
2023-09-18 16:14:29,852 [INFO] IPUIPlugin:80 - create IPUIPlugin
2023-09-18 16:14:29,853 [INFO] PluginManager:220 - loadIPPluginJar : add dma
2023-09-18 16:14:29,855 [INFO] IPUIPlugin:80 - create IPUIPlugin
2023-09-18 16:14:29,856 [INFO] PluginManager:220 - loadIPPluginJar : add dma3
2023-09-18 16:14:29,857 [INFO] IPUIPlugin:80 - create IPUIPlugin
2023-09-18 16:14:29,857 [INFO] PluginManager:220 - loadIPPluginJar : add fatfs
2023-09-18 16:14:29,861 [INFO] IPUIPlugin:80 - create IPUIPlugin
2023-09-18 16:14:29,861 [INFO] PluginManager:220 - loadIPPluginJar : add fmc
2023-09-18 16:14:29,865 [INFO] IPUIPlugin:80 - create IPUIPlugin
2023-09-18 16:14:29,865 [INFO] PluginManager:220 - loadIPPluginJar : add freertos
2023-09-18 16:14:29,867 [INFO] IPUIPlugin:80 - create IPUIPlugin
2023-09-18 16:14:29,867 [INFO] PluginManager:220 - loadIPPluginJar : add genericplugin
2023-09-18 16:14:29,868 [INFO] IPUIPlugin:80 - create IPUIPlugin
2023-09-18 16:14:29,869 [INFO] PluginManager:220 - loadIPPluginJar : add gfxmmu
2023-09-18 16:14:29,872 [INFO] IPUIPlugin:80 - create IPUIPlugin
2023-09-18 16:14:29,873 [INFO] PluginManager:220 - loadIPPluginJar : add gic
2023-09-18 16:14:29,876 [INFO] IPUIPlugin:80 - create IPUIPlugin
2023-09-18 16:14:29,876 [INFO] PluginManager:220 - loadIPPluginJar : add gpio
2023-09-18 16:14:29,879 [INFO] IPUIPlugin:80 - create IPUIPlugin
2023-09-18 16:14:29,880 [INFO] PluginManager:220 - loadIPPluginJar : add gtzc
2023-09-18 16:14:29,882 [INFO] IPUIPlugin:80 - create IPUIPlugin
2023-09-18 16:14:29,882 [INFO] PluginManager:220 - loadIPPluginJar : add hash
2023-09-18 16:14:29,884 [INFO] IPUIPlugin:80 - create IPUIPlugin
2023-09-18 16:14:29,885 [INFO] PluginManager:220 - loadIPPluginJar : add i2c
2023-09-18 16:14:29,887 [INFO] IPUIPlugin:80 - create IPUIPlugin
2023-09-18 16:14:29,887 [INFO] PluginManager:220 - loadIPPluginJar : add i2s
2023-09-18 16:14:29,890 [INFO] IPUIPlugin:80 - create IPUIPlugin
2023-09-18 16:14:29,890 [INFO] PluginManager:220 - loadIPPluginJar : add i3c
2023-09-18 16:14:29,893 [INFO] IPUIPlugin:80 - create IPUIPlugin
2023-09-18 16:14:29,893 [INFO] PluginManager:220 - loadIPPluginJar : add ipddr
2023-09-18 16:14:29,900 [INFO] IPUIPlugin:80 - create IPUIPlugin
2023-09-18 16:14:29,900 [INFO] PluginManager:220 - loadIPPluginJar : add linkedlist
2023-09-18 16:14:29,903 [INFO] IPUIPlugin:80 - create IPUIPlugin
2023-09-18 16:14:29,903 [INFO] PluginManager:220 - loadIPPluginJar : add lorawan
2023-09-18 16:14:29,905 [INFO] IPUIPlugin:80 - create IPUIPlugin
2023-09-18 16:14:29,905 [INFO] PluginManager:220 - loadIPPluginJar : add ltdc
2023-09-18 16:14:29,910 [INFO] IPUIPlugin:80 - create IPUIPlugin
2023-09-18 16:14:29,910 [INFO] PluginManager:220 - loadIPPluginJar : add mdma
2023-09-18 16:14:29,914 [INFO] IPUIPlugin:80 - create IPUIPlugin
2023-09-18 16:14:29,914 [INFO] PluginManager:220 - loadIPPluginJar : add nvic
2023-09-18 16:14:29,917 [INFO] IPUIPlugin:80 - create IPUIPlugin
2023-09-18 16:14:29,917 [INFO] PluginManager:220 - loadIPPluginJar : add opamp
2023-09-18 16:14:29,920 [INFO] IPUIPlugin:80 - create IPUIPlugin
2023-09-18 16:14:29,920 [INFO] PluginManager:220 - loadIPPluginJar : add openamp
2023-09-18 16:14:29,923 [INFO] IPUIPlugin:80 - create IPUIPlugin
2023-09-18 16:14:29,923 [INFO] PluginManager:220 - loadIPPluginJar : add pdm2pcm
2023-09-18 16:14:29,930 [INFO] IPUIPlugin:80 - create IPUIPlugin
2023-09-18 16:14:29,932 [INFO] PluginManager:220 - loadIPPluginJar : add plateformsettings
2023-09-18 16:14:29,934 [INFO] IPUIPlugin:80 - create IPUIPlugin
2023-09-18 16:14:29,934 [INFO] PluginManager:220 - loadIPPluginJar : add quadspi
2023-09-18 16:14:29,937 [INFO] IPUIPlugin:80 - create IPUIPlugin
2023-09-18 16:14:29,937 [INFO] PluginManager:220 - loadIPPluginJar : add resmgrutility
2023-09-18 16:14:29,941 [INFO] IPUIPlugin:80 - create IPUIPlugin
2023-09-18 16:14:29,941 [INFO] PluginManager:220 - loadIPPluginJar : add sai
2023-09-18 16:14:29,944 [INFO] IPUIPlugin:80 - create IPUIPlugin
2023-09-18 16:14:29,944 [INFO] PluginManager:220 - loadIPPluginJar : add spi
2023-09-18 16:14:29,948 [INFO] IPUIPlugin:80 - create IPUIPlugin
2023-09-18 16:14:29,949 [INFO] PluginManager:220 - loadIPPluginJar : add stm32_wpan
2023-09-18 16:14:29,951 [INFO] IPUIPlugin:80 - create IPUIPlugin
2023-09-18 16:14:29,951 [INFO] PluginManager:220 - loadIPPluginJar : add tim
2023-09-18 16:14:29,953 [INFO] IPUIPlugin:80 - create IPUIPlugin
2023-09-18 16:14:29,953 [INFO] PluginManager:220 - loadIPPluginJar : add touchsensing
2023-09-18 16:14:29,955 [INFO] IPUIPlugin:80 - create IPUIPlugin
2023-09-18 16:14:29,955 [INFO] PluginManager:220 - loadIPPluginJar : add tracer_emb
2023-09-18 16:14:29,957 [INFO] IPUIPlugin:80 - create IPUIPlugin
2023-09-18 16:14:29,958 [INFO] PluginManager:220 - loadIPPluginJar : add ts
2023-09-18 16:14:29,959 [INFO] IPUIPlugin:80 - create IPUIPlugin
2023-09-18 16:14:29,959 [INFO] PluginManager:220 - loadIPPluginJar : add tsc
2023-09-18 16:14:29,962 [INFO] IPUIPlugin:80 - create IPUIPlugin
2023-09-18 16:14:29,962 [INFO] PluginManager:220 - loadIPPluginJar : add ucpd
2023-09-18 16:14:29,965 [INFO] IPUIPlugin:80 - create IPUIPlugin
2023-09-18 16:14:29,966 [INFO] PluginManager:220 - loadIPPluginJar : add usart
2023-09-18 16:14:29,968 [INFO] IPUIPlugin:80 - create IPUIPlugin
2023-09-18 16:14:29,968 [INFO] PluginManager:220 - loadIPPluginJar : add usbx
2023-09-18 16:14:30,111 [INFO] CADModel:165 - CPN selected for project level
2023-09-18 16:14:30,112 [INFO] CADModel:114 - Register for checkConnection events
2023-09-18 16:14:30,112 [FATAL] Updater:308 - Updater called before beeing initialized
2023-09-18 16:14:30,112 [ERROR] CADModel:125 - Updater not yet initialized, retry later 
2023-09-18 16:14:30,271 [INFO] CADModel:165 - CPN selected for project level
2023-09-18 16:14:30,271 [INFO] CADModel:114 - Register for checkConnection events
2023-09-18 16:14:30,271 [FATAL] Updater:308 - Updater called before beeing initialized
2023-09-18 16:14:30,271 [ERROR] CADModel:125 - Updater not yet initialized, retry later 
2023-09-18 16:14:30,274 [FATAL] Updater:308 - Updater called before beeing initialized
2023-09-18 16:14:30,405 [FATAL] Updater:308 - Updater called before beeing initialized
2023-09-18 16:14:30,411 [INFO] DbMcusAds:53 - JSON generation date=Tue Mar 07 00:50:55 PST 2023 (1678179055114)
2023-09-18 16:14:30,411 [FATAL] Updater:308 - Updater called before beeing initialized
2023-09-18 16:14:30,454 [WARN] DetailPanel:346 - Failed to get advertising image, set to default
2023-09-18 16:14:30,591 [FATAL] Updater:308 - Updater called before beeing initialized
2023-09-18 16:14:30,592 [FATAL] Updater:308 - Updater called before beeing initialized
2023-09-18 16:14:30,593 [FATAL] Updater:308 - Updater called before beeing initialized
2023-09-18 16:14:30,593 [WARN] DetailPanel:346 - Failed to get advertising image, set to default
2023-09-18 16:14:30,594 [FATAL] Updater:308 - Updater called before beeing initialized
2023-09-18 16:14:30,644 [ERROR] Updater:1120 - MainUpdater not yet initialized. External WinMGr cannot be set.
2023-09-18 16:14:30,646 [INFO] Updater:1056 - Updater Version found : 6.9.1
2023-09-18 16:14:30,663 [INFO] ApplicationProperties:184 - Using Application install path: C:\ST\STM32CubeIDE_1.13.1\STM32CubeIDE\plugins\com.st.stm32cube.common.mx_6.9.1.202307191849
2023-09-18 16:14:30,795 [INFO] MainUpdater:2868 - connection check result : 10
2023-09-18 16:14:30,796 [INFO] MainUpdater:285 - Updater Check For Update Now.
2023-09-18 16:14:30,797 [INFO] MicroXplorer:498 - Change Database Version : DB.6.0.91
2023-09-18 16:14:30,806 [INFO] McuFinderGlobals:63 - Set McuFinder mode to 2 (CubeIDE integrated)
2023-09-18 16:14:31,008 [INFO] CheckServerUpdateThread:120 - End of CheckServer Thread
2023-09-18 16:14:32,265 [WARN] PackLoader:240 - Cannot read IP mode file for STMicroelectronics.X-CUBE-SMBUS.2.1.0
2023-09-18 16:14:32,306 [WARN] PackLoader:240 - Cannot read IP mode file for STMicroelectronics.X-CUBE-AZRTOS-F7.1.1.0
2023-09-18 16:14:32,324 [WARN] PackLoader:240 - Cannot read IP mode file for STMicroelectronics.FP-SNS-MOTENV1.4.3.2
2023-09-18 16:14:32,335 [WARN] PackLoader:240 - Cannot read IP mode file for STMicroelectronics.FP-SNS-FLIGHT1.5.0.2
2023-09-18 16:14:32,350 [WARN] PackLoader:240 - Cannot read IP mode file for STMicroelectronics.X-CUBE-DISPLAY.3.0.0
2023-09-18 16:14:32,374 [WARN] PackLoader:240 - Cannot read IP mode file for STMicroelectronics.X-CUBE-BLE1.7.0.0
2023-09-18 16:14:32,384 [WARN] PackLoader:240 - Cannot read IP mode file for emotas.I-CUBE-CANOPEN.1.3.0
2023-09-18 16:14:32,392 [WARN] PackLoader:240 - Cannot read IP mode file for STMicroelectronics.X-CUBE-TOUCHGFX.4.22.0
2023-09-18 16:14:32,399 [WARN] PackLoader:240 - Cannot read IP mode file for STMicroelectronics.FP-SNS-SMARTAG2.1.2.0
2023-09-18 16:14:32,412 [INFO] LogOutputStream:77 - [STDOUT_REDIRECT] 1 : Invalid condition id : UX_CORESTACK_Condition cause : null
2023-09-18 16:14:32,413 [INFO] LogOutputStream:77 - [STDOUT_REDIRECT] 1 : Invalid condition id : UX_CORESTACK_Condition cause : null
2023-09-18 16:14:32,414 [INFO] LogOutputStream:77 - [STDOUT_REDIRECT] 1 : Invalid condition id : UX_CORESTACK_Condition cause : null
2023-09-18 16:14:32,416 [INFO] LogOutputStream:77 - [STDOUT_REDIRECT] 1 : Invalid condition id : UX_CORESTACK_Condition cause : null
2023-09-18 16:14:32,417 [INFO] LogOutputStream:77 - [STDOUT_REDIRECT] 1 : Invalid condition id : UX_CORESTACK_Condition cause : null
2023-09-18 16:14:32,424 [WARN] PackLoader:240 - Cannot read IP mode file for STMicroelectronics.X-CUBE-AZRTOS-WL.2.0.0
2023-09-18 16:14:32,439 [WARN] PackLoader:240 - Cannot read IP mode file for WES.I-CUBE-Cesium.1.3.0
2023-09-18 16:14:32,445 [WARN] PackLoader:240 - Cannot read IP mode file for STMicroelectronics.X-CUBE-BLE2.3.3.0
2023-09-18 16:14:32,458 [WARN] PackLoader:240 - Cannot read IP mode file for STMicroelectronics.X-CUBE-ALGOBUILD.1.3.0
2023-09-18 16:14:32,482 [WARN] PackLoader:240 - Cannot read IP mode file for STMicroelectronics.X-CUBE-AZRTOS-G0.1.1.0
2023-09-18 16:14:32,495 [WARN] PackLoader:240 - Cannot read IP mode file for STMicroelectronics.X-CUBE-NFC4.3.0.0
2023-09-18 16:14:32,504 [WARN] PackLoader:240 - Cannot read IP mode file for STMicroelectronics.FP-ATR-SIGFOX1.3.2.0
2023-09-18 16:14:32,552 [WARN] PackLoader:240 - Cannot read IP mode file for SEGGER.I-CUBE-embOS.1.3.1
2023-09-18 16:14:32,599 [WARN] PackLoader:240 - Cannot read IP mode file for STMicroelectronics.X-CUBE-GNSS1.6.0.0
2023-09-18 16:14:32,625 [WARN] PackLoader:240 - Cannot read IP mode file for STMicroelectronics.X-CUBE-AZRTOS-F4.1.1.0
2023-09-18 16:14:32,635 [WARN] PackLoader:240 - Cannot read IP mode file for wolfSSL.I-CUBE-wolfSSL.5.6.3
2023-09-18 16:14:32,656 [WARN] PackLoader:240 - Cannot read IP mode file for STMicroelectronics.X-CUBE-AZRTOS-L5.2.0.0
2023-09-18 16:14:32,691 [WARN] PackLoader:240 - Cannot read IP mode file for STMicroelectronics.X-CUBE-MEMS1.9.6.0
2023-09-18 16:14:32,863 [WARN] PackLoader:240 - Cannot read IP mode file for STMicroelectronics.X-CUBE-BLEMGR.2.0.0
2023-09-18 16:14:32,884 [WARN] ConditionMgr:438 - getConditionDescription Invalid condition id : UX DEVICE CLASS RTOS Condition cause : null
2023-09-18 16:14:32,885 [WARN] ConditionMgr:438 - getConditionDescription Invalid condition id : UX DEVICE CLASS RTOS Condition cause : null
2023-09-18 16:14:32,889 [WARN] PackLoader:240 - Cannot read IP mode file for STMicroelectronics.X-CUBE-AZRTOS-H7.3.1.0
2023-09-18 16:14:32,891 [WARN] ConditionMgr:1039 - genDependencies : Invalid condition id : UX DEVICE CLASS RTOS Condition cause : null
2023-09-18 16:14:32,891 [WARN] ConditionMgr:1039 - genDependencies : Invalid condition id : UX DEVICE CLASS RTOS Condition cause : null
2023-09-18 16:14:32,892 [WARN] ConditionMgr:1039 - genDependencies : Invalid condition id : UX DEVICE CLASS RTOS Condition cause : null
2023-09-18 16:14:32,892 [WARN] ConditionMgr:1039 - genDependencies : Invalid condition id : UX DEVICE CLASS RTOS Condition cause : null
2023-09-18 16:14:32,892 [WARN] ConditionMgr:1039 - genDependencies : Invalid condition id : UX DEVICE CLASS RTOS Condition cause : null
2023-09-18 16:14:32,901 [WARN] PackLoader:240 - Cannot read IP mode file for STMicroelectronics.X-CUBE-NFC7.1.0.1
2023-09-18 16:14:32,916 [WARN] PackLoader:240 - Cannot read IP mode file for STMicroelectronics.X-CUBE-NFC6.3.0.0
2023-09-18 16:14:32,925 [WARN] PackLoader:240 - Cannot read IP mode file for STMicroelectronics.X-CUBE-EEPRMA1.4.1.0
2023-09-18 16:14:32,933 [WARN] PackLoader:240 - Cannot read IP mode file for STMicroelectronics.X-CUBE-AI.8.1.0
2023-09-18 16:14:32,953 [WARN] ConditionMgr:438 - getConditionDescription Invalid condition id : LAN8742 Phy interface Condition cause : null
2023-09-18 16:14:32,953 [WARN] PackLoader:240 - Cannot read IP mode file for STMicroelectronics.X-CUBE-AZRTOS-L4.2.0.0
2023-09-18 16:14:32,955 [WARN] ConditionMgr:1039 - genDependencies : Invalid condition id : LAN8742 Phy interface Condition cause : null
2023-09-18 16:14:32,955 [WARN] ConditionMgr:1039 - genDependencies : Invalid condition id : LAN8742 Phy interface Condition cause : null
2023-09-18 16:14:32,955 [WARN] ConditionMgr:1039 - genDependencies : Invalid condition id : LAN8742 Phy interface Condition cause : null
2023-09-18 16:14:32,964 [WARN] PackLoader:240 - Cannot read IP mode file for STMicroelectronics.X-CUBE-SFXS2LP1.4.0.0
2023-09-18 16:14:32,971 [WARN] PackLoader:240 - Cannot read IP mode file for STMicroelectronics.X-CUBE-ISPU.1.1.0
2023-09-18 16:14:32,985 [WARN] ConditionMgr:438 - getConditionDescription Invalid condition id : UX DEVICE CLASS RTOS Condition cause : null
2023-09-18 16:14:32,985 [WARN] ConditionMgr:438 - getConditionDescription Invalid condition id : UX DEVICE CLASS RTOS Condition cause : null
2023-09-18 16:14:32,987 [WARN] PackLoader:240 - Cannot read IP mode file for STMicroelectronics.X-CUBE-AZRTOS-WB.2.0.0
2023-09-18 16:14:32,988 [WARN] ConditionMgr:1039 - genDependencies : Invalid condition id : UX DEVICE CLASS RTOS Condition cause : null
2023-09-18 16:14:32,988 [WARN] ConditionMgr:1039 - genDependencies : Invalid condition id : UX DEVICE CLASS RTOS Condition cause : null
2023-09-18 16:14:32,989 [WARN] ConditionMgr:1039 - genDependencies : Invalid condition id : UX DEVICE CLASS RTOS Condition cause : null
2023-09-18 16:14:32,989 [WARN] ConditionMgr:1039 - genDependencies : Invalid condition id : UX DEVICE CLASS RTOS Condition cause : null
2023-09-18 16:14:32,989 [WARN] ConditionMgr:1039 - genDependencies : Invalid condition id : UX DEVICE CLASS RTOS Condition cause : null
2023-09-18 16:14:33,001 [WARN] PackLoader:240 - Cannot read IP mode file for STMicroelectronics.X-CUBE-SUBG2.5.0.0
2023-09-18 16:14:33,017 [WARN] PackLoader:240 - Cannot read IP mode file for STMicroelectronics.X-CUBE-TOF1.3.3.1
2023-09-18 16:14:33,044 [WARN] PackLoader:240 - Cannot read IP mode file for STMicroelectronics.X-CUBE-AZRTOS-G4.2.0.0
2023-09-18 16:14:33,053 [WARN] PackLoader:240 - Cannot read IP mode file for STMicroelectronics.X-CUBE-FREERTOS.1.1.0
2023-09-18 16:14:33,062 [WARN] PackLoader:240 - Cannot read IP mode file for portGmbH.I-Cube-SoM-uGOAL.1.1.0
2023-09-18 16:14:33,067 [WARN] PackLoader:240 - Cannot read IP mode file for STMicroelectronics.X-CUBE-ALS.1.0.1
2023-09-18 16:14:33,073 [WARN] PackLoader:240 - Cannot read IP mode file for STMicroelectronics.FP-ATR-ASTRA1.2.0.0
2023-09-18 16:14:33,074 [INFO] ThirdParty:978 - Integrity check success = true
2023-09-18 16:14:33,074 [INFO] IntegrityCheckThread:100 - exiting critical section [integrity check]
2023-09-18 16:14:33,074 [INFO] IntegrityCheckThread:103 - End integrity checks thread
2023-09-18 16:14:51,669 [ERROR] LogOutputStream:75 - [STDERR_REDIRECT] SLF4J: Failed to load class "org.slf4j.impl.StaticLoggerBinder".
2023-09-18 16:14:51,670 [ERROR] LogOutputStream:75 - [STDERR_REDIRECT] SLF4J: Defaulting to no-operation (NOP) logger implementation
2023-09-18 16:14:51,671 [ERROR] LogOutputStream:75 - [STDERR_REDIRECT] SLF4J: See http://www.slf4j.org/codes.html#StaticLoggerBinder for further details.
